0 info it worked if it ends with ok
1 verbose cli [ 'c:\\Program Files\\nodejs\\node.exe',
1 verbose cli   'c:\\Program Files\\nodejs\\node_modules\\npm\\bin\\npm-cli.js',
1 verbose cli   'install',
1 verbose cli   '--save',
1 verbose cli   'express3-handlerbars' ]
2 info using npm@1.4.28
3 info using node@v0.10.35
4 warn package.json n2@1.0.0 No repository field.
5 warn package.json n2@1.0.0 No README data
6 verbose readDependencies using package.json deps
7 verbose cache add [ 'express3-handlerbars', null ]
8 verbose cache add name=undefined spec="express3-handlerbars" args=["express3-handlerbars",null]
9 verbose parsed url { protocol: null,
9 verbose parsed url   slashes: null,
9 verbose parsed url   auth: null,
9 verbose parsed url   host: null,
9 verbose parsed url   port: null,
9 verbose parsed url   hostname: null,
9 verbose parsed url   hash: null,
9 verbose parsed url   search: null,
9 verbose parsed url   query: null,
9 verbose parsed url   pathname: 'express3-handlerbars',
9 verbose parsed url   path: 'express3-handlerbars',
9 verbose parsed url   href: 'express3-handlerbars' }
10 silly lockFile a7db4a57-express3-handlerbars express3-handlerbars
11 verbose lock express3-handlerbars C:\Users\Paul\AppData\Roaming\npm-cache\a7db4a57-express3-handlerbars.lock
12 silly lockFile a7db4a57-express3-handlerbars express3-handlerbars
13 silly lockFile a7db4a57-express3-handlerbars express3-handlerbars
14 verbose addNamed [ 'express3-handlerbars', '' ]
15 verbose addNamed [ null, '*' ]
16 silly lockFile 71f7e698-express3-handlerbars express3-handlerbars@
17 verbose lock express3-handlerbars@ C:\Users\Paul\AppData\Roaming\npm-cache\71f7e698-express3-handlerbars.lock
18 silly addNameRange { name: 'express3-handlerbars', range: '*', hasData: false }
19 verbose request where is /express3-handlerbars
20 verbose request registry https://registry.npmjs.org/
21 verbose request id 37c70731ebf55979
22 verbose url raw /express3-handlerbars
23 verbose url resolving [ 'https://registry.npmjs.org/', './express3-handlerbars' ]
24 verbose url resolved https://registry.npmjs.org/express3-handlerbars
25 verbose request where is https://registry.npmjs.org/express3-handlerbars
26 info trying registry request attempt 1 at 15:35:50
27 http GET https://registry.npmjs.org/express3-handlerbars
28 http 404 https://registry.npmjs.org/express3-handlerbars
29 verbose headers { date: 'Fri, 16 Jan 2015 15:35:51 GMT',
29 verbose headers   server: 'CouchDB/1.5.0 (Erlang OTP/R16B03)',
29 verbose headers   'content-type': 'application/json',
29 verbose headers   'cache-control': 'max-age=0',
29 verbose headers   'content-length': '52',
29 verbose headers   'accept-ranges': 'bytes',
29 verbose headers   via: '1.1 varnish',
29 verbose headers   age: '0',
29 verbose headers   'x-served-by': 'cache-fra1233-FRA',
29 verbose headers   'x-cache': 'MISS',
29 verbose headers   'x-cache-hits': '0',
29 verbose headers   'x-timer': 'S1421422550.718910,VS0,VE420',
29 verbose headers   'keep-alive': 'timeout=10, max=50',
29 verbose headers   connection: 'Keep-Alive' }
30 silly registry.get cb [ 404,
30 silly registry.get   { date: 'Fri, 16 Jan 2015 15:35:51 GMT',
30 silly registry.get     server: 'CouchDB/1.5.0 (Erlang OTP/R16B03)',
30 silly registry.get     'content-type': 'application/json',
30 silly registry.get     'cache-control': 'max-age=0',
30 silly registry.get     'content-length': '52',
30 silly registry.get     'accept-ranges': 'bytes',
30 silly registry.get     via: '1.1 varnish',
30 silly registry.get     age: '0',
30 silly registry.get     'x-served-by': 'cache-fra1233-FRA',
30 silly registry.get     'x-cache': 'MISS',
30 silly registry.get     'x-cache-hits': '0',
30 silly registry.get     'x-timer': 'S1421422550.718910,VS0,VE420',
30 silly registry.get     'keep-alive': 'timeout=10, max=50',
30 silly registry.get     connection: 'Keep-Alive' } ]
31 silly lockFile 71f7e698-express3-handlerbars express3-handlerbars@
32 silly lockFile 71f7e698-express3-handlerbars express3-handlerbars@
33 error 404 404 Not Found: express3-handlerbars
33 error 404
33 error 404 'express3-handlerbars' is not in the npm registry.
33 error 404 You should bug the author to publish it
33 error 404 It was specified as a dependency of 'n2'
33 error 404
33 error 404 Note that you can also install from a
33 error 404 tarball, folder, or http url, or git url.
34 error System Windows_NT 6.2.9200
35 error command "c:\\Program Files\\nodejs\\node.exe" "c:\\Program Files\\nodejs\\node_modules\\npm\\bin\\npm-cli.js" "install" "--save" "express3-handlerbars"
36 error cwd c:\checkout\n2
37 error node -v v0.10.35
38 error npm -v 1.4.28
39 error code E404
40 verbose exit [ 1, true ]
